<?xml version="1.0" encoding="UTF-8"?>
<testsuite xmlns:xsi="http://www.w3.org/2001/XMLSchema-instance" xsi:noNamespaceSchemaLocation="https://maven.apache.org/surefire/maven-surefire-plugin/xsd/surefire-test-report-3.0.xsd" version="3.0" name="dk.sdu.mmmi.cbse.osgiplayer.PlayerPluginTest" time="0.7" tests="2" errors="0" skipped="0" failures="0">
  <properties>
[...]
</properties>
  <testcase name="startTest" classname="dk.sdu.mmmi.cbse.osgiplayer.PlayerPluginTest" time="0.679">
    <system-out><![CDATA[start - player
added player object 
dk.sdu.mmmi.cbse.common.data.entityparts.LifePart@479cbee5
]]></system-out>
  </testcase>
  <testcase name="stopTest" classname="dk.sdu.mmmi.cbse.osgiplayer.PlayerPluginTest" time="0.003">
    <system-out><![CDATA[stop - player
removed player
]]></system-out>
  </testcase>
</testsuite>